C51 COMPILER V9.01   ESP8266                                                               06/13/2019 09:36:15 PAGE 1   


C51 COMPILER V9.01, COMPILATION OF MODULE ESP8266
OBJECT MODULE PLACED IN ESP8266.OBJ
COMPILER INVOKED BY: D:\软件\keil4\keil4\C51\BIN\C51.EXE ESP8266.c BROWSE DEBUG OBJECTEXTEND

line level    source

   1          #include"ESP8266.h"
   2          
   3          void us_delay(uchar t)
   4          {
   5   1            while(t--);
   6   1      }
   7          
   8          void InitESP8266()//11.0592
   9          {
  10   1              TMOD |=0x20;  //定时器1启动  高位控制定时器1 ，低位控制定时器0
  11   1              TH1 = 0xf4;       //波特率4800
  12   1              TL1 = 0xf4;
  13   1              PCON = 0x80;    //设置波特率的一个倍数                  
  14   1              SCON = 0x50;
  15   1              EA=1;           // 运行模式 01 模式1，   01 允许接收置1
  16   1      //      ES=1;
  17   1              TR1 = 1;   //定时器1开始工作
  18   1      }
  19          void SendByte(uchar dat)
  20          {
  21   1      //      ES = 0;//关闭串口中断
  22   1              TI = 0;
  23   1              SBUF = dat;                                
  24   1              while(!TI);
  25   1              TI = 0;
  26   1      //      ES = 1;
  27   1      }
  28          void SendString(uchar * str)
  29          {
  30   1              while(*str != '\0')
  31   1              {
  32   2                      SendByte(*str);
  33   2                      us_delay(5);
  34   2                      str++;
  35   2              }
  36   1      }
  37          void Sendarr(uchar str[],uchar num)
  38          {
  39   1              uchar i = 0;
  40   1              for(i=0; i<num; i++)
  41   1              {
  42   2                      SendByte(str[i]);
  43   2                      us_delay(5);
  44   2              }
  45   1      }


MODULE INFORMATION:   STATIC OVERLAYABLE
   CODE SIZE        =    101    ----
   CONSTANT SIZE    =   ----    ----
   XDATA SIZE       =   ----    ----
   PDATA SIZE       =   ----    ----
   DATA SIZE        =   ----       3
   IDATA SIZE       =   ----    ----
   BIT SIZE         =   ----    ----
C51 COMPILER V9.01   ESP8266                                                               06/13/2019 09:36:15 PAGE 2   

END OF MODULE INFORMATION.


C51 COMPILATION COMPLETE.  0 WARNING(S),  0 ERROR(S)
