C51 COMPILER V9.01   LCD1602                                                               06/13/2019 09:36:16 PAGE 1   


C51 COMPILER V9.01, COMPILATION OF MODULE LCD1602
OBJECT MODULE PLACED IN LCD1602.OBJ
COMPILER INVOKED BY: D:\软件\keil4\keil4\C51\BIN\C51.EXE LCD1602.c BROWSE DEBUG OBJECTEXTEND

line level    source

   1          //#include "LCD1602.h"
   2          //
   3          //void LCD_Delay1ms(uint c)   //误差 0us
   4          //{
   5          //    uchar a,b;
   6          //      for (; c>0; c--)
   7          //      {
   8          //               for (b=199;b>0;b--)
   9          //               {
  10          //                      for(a=1;a>0;a--);
  11          //               }      
  12          //      }
  13          //}
  14          //
  15          //
  16          //void LCD_Init()
  17          //{
  18          //      LCD_WriteCom(0x38);//开显示
  19          //      LCD_WriteCom(0x0c);//开显示不显示光标
  20          //      LCD_WriteCom(0x06);//写一个指针加1
  21          //      LCD_WriteCom(0x01);//清屏
  22          //      LCD_WriteCom(0x80);//D7保持为1
  23          //
  24          //}
  25          //void LCD_WriteData(uchar dat)
  26          //{
  27          //      LCD_E = 0; 
  28          //      LCD_RS = 1;//选择发送数据
  29          //      LCD_RW = 0; //选择写入
  30          //
  31          //      P0 = dat;
  32          //      LCD_Delay1ms(1);
  33          //
  34          //      LCD_E = 1;  //描写时序
  35          //      LCD_Delay1ms(5);
  36          //      LCD_E = 0;
  37          //}
  38          //void LCD_WriteCom(uchar com)
  39          //{
  40          //      LCD_E = 0; 
  41          //      LCD_RS = 0;//选择发送命令
  42          //      LCD_RW = 0; //选择写入
  43          //
  44          //      P0 = com;
  45          //      LCD_Delay1ms(1);
  46          //
  47          //      LCD_E = 1;  //描写时序
  48          //      LCD_Delay1ms(5);
  49          //      LCD_E = 0;
  50          //}
  51          //
  52          //void LCD_WriteString(uchar * p)
  53          //{
  54          //      while(*p)
  55          //      {
C51 COMPILER V9.01   LCD1602                                                               06/13/2019 09:36:16 PAGE 2   

  56          //               LCD_WriteData(*p);
  57          //               p++;
  58          //      }
  59          //
  60          //}
  61          //
  62          //


MODULE INFORMATION:   STATIC OVERLAYABLE
   CODE SIZE        =   ----    ----
   CONSTANT SIZE    =   ----    ----
   XDATA SIZE       =   ----    ----
   PDATA SIZE       =   ----    ----
   DATA SIZE        =   ----    ----
   IDATA SIZE       =   ----    ----
   BIT SIZE         =   ----    ----
END OF MODULE INFORMATION.


C51 COMPILATION COMPLETE.  0 WARNING(S),  0 ERROR(S)
