C51 COMPILER V9.01   MAIN                                                                  06/13/2019 09:36:15 PAGE 1   


C51 COMPILER V9.01, COMPILATION OF MODULE MAIN
OBJECT MODULE PLACED IN main.OBJ
COMPILER INVOKED BY: D:\Èí¼þ\keil4\keil4\C51\BIN\C51.EXE main.c BROWSE DEBUG OBJECTEXTEND

line level    source

   1          #include "reg52.h"
   2          #include "ESP8266.h"
   3          #include "tem.h"
   4          #include "ZE08.h"
   5          //#include "LCD1602.h"
   6          
   7          uchar myID = 1;
   8          uchar num = 0;
   9          uchar ZE08Data[9] = {0};
  10          void delay500ms(void)   //Îó²î 0us
  11          {
  12   1          unsigned char a,b,c;
  13   1          for(c=23;c>0;c--)
  14   1              for(b=152;b>0;b--)
  15   1                  for(a=70;a>0;a--);
  16   1      }
  17          void GetAndSendData(int temp)
  18          {
  19   1              uchar i;
  20   1              uchar n = 5;
  21   1              uchar arr[7];
  22   1              arr[1] = myID&0xff;
  23   1              arr[2] = (myID>>8)&0xff;
  24   1              arr[3] = temp&0xff;
  25   1              arr[4] = (temp>>8)&0xff;
  26   1              if(ZE08Data[0] == 0xff)
  27   1              {
  28   2                      arr[5] = ZE08Data[6];
  29   2                      arr[6] = ZE08Data[7];
  30   2                      n = 7;
  31   2              }
  32   1              for(i=0; i<9;i++)
  33   1              {
  34   2                      ZE08Data[i]=1;
  35   2              }
  36   1              arr[0] = n +'0';
  37   1              InitESP8266();
  38   1              SendString("AT+CIPSTART=\"TCP\",\"39.97.98.37\",8080\r\n");
  39   1              delay500ms();
  40   1              SendString("AT+CIPSEND=7\r\n");
  41   1              delay500ms();
  42   1              Sendarr(arr,n); //AT+CIPCLOSE
  43   1              SendString("AT+CIPCLOSE\r\n");
  44   1      
  45   1      } 
  46          
  47          
  48          void GetZE08Data() interrupt 4
  49          {
  50   1              if(RI)
  51   1              {
  52   2                      RI = 0;
  53   2                      ZE08Data[num]=SBUF;
  54   2                      switch(num)
  55   2                      {
C51 COMPILER V9.01   MAIN                                                                  06/13/2019 09:36:15 PAGE 2   

  56   3                              case(0):
  57   3                                      if(ZE08Data[num] == 0xFF)
  58   3                                      {
  59   4                                              num = 1;
  60   4                                      }
  61   3                                      else
  62   3                                      {
  63   4                                              num = 0;
  64   4                                      }
  65   3                                      break;
  66   3                              case(1):
  67   3                                      if(ZE08Data[num] == 0x86)
  68   3                                      {
  69   4                                              num = 2;
  70   4                                      }
  71   3                                      else
  72   3                                      {
  73   4                                              num = 0;
  74   4                                      }
  75   3                                      break;
  76   3                              case(2):
  77   3                                      num = 3;
  78   3                                      break;  
  79   3                              case(3):
  80   3                                      num = 4;
  81   3                                      break;
  82   3                              case(4):
  83   3                                      if(ZE08Data[num] == 0x00)
  84   3                                      {
  85   4                                              num = 5;
  86   4                                      }
  87   3                                      else
  88   3                                      {
  89   4                                              num = 0;
  90   4                                      }
  91   3                                      break;
  92   3                              case(5):
  93   3                                      if(ZE08Data[num] == 0x00)
  94   3                                      {
  95   4                                              num = 6;
  96   4                                      }
  97   3                                      else
  98   3                                      {
  99   4                                              num = 0;
 100   4                                      }
 101   3                                      break;
 102   3                              case(6):
 103   3                                      num = 7;
 104   3                                      break;
 105   3                              case(7):
 106   3                                      num = 8;
 107   3                                      break;
 108   3                              case(8):
 109   3                                      if((ZE08Data[num]+ZE08Data[1]+ZE08Data[2]+ZE08Data[3]+ZE08Data[4]+ZE08Data[5]+
 110   3                                      ZE08Data[6]+ZE08Data[7])%256 == 0)
 111   3                                      {
 112   4                                              num = 0;
 113   4                                      }
 114   3                                      else
 115   3                                      {
 116   4                                              num = 0;
 117   4                                      }
C51 COMPILER V9.01   MAIN                                                                  06/13/2019 09:36:15 PAGE 3   

 118   3                      }       
 119   2              }
 120   1      }
 121          
 122          int main (void)
 123          {
 124   1              int temp1;
 125   1              int temp;
 126   1              static uint i;
 127   1      //  InitTimer0();
 128   1      //      LCD_Init();
 129   1              while(1)
 130   1              {
 131   2                      i++;
 132   2                      temp = DS18B20ReadTemp();
 133   2                      temp1 = DealTemp(temp);
 134   2                      //ShowTempAndCH02(temp1);
 135   2                      if(i%100 ==0)
 136   2                      {
 137   3                              GetData();
 138   3                      }
 139   2                      if(i == 1050)
 140   2                      {
 141   3                              i = 0;
 142   3                              GetAndSendData(temp);           
 143   3                      }
 144   2              }
 145   1      }


MODULE INFORMATION:   STATIC OVERLAYABLE
   CODE SIZE        =    395    ----
   CONSTANT SIZE    =     68    ----
   XDATA SIZE       =   ----    ----
   PDATA SIZE       =   ----    ----
   DATA SIZE        =     13      12
   IDATA SIZE       =   ----    ----
   BIT SIZE         =   ----    ----
END OF MODULE INFORMATION.


C51 COMPILATION COMPLETE.  0 WARNING(S),  0 ERROR(S)
