C51 COMPILER V9.01   TEM                                                                   06/13/2019 09:36:15 PAGE 1   


C51 COMPILER V9.01, COMPILATION OF MODULE TEM
OBJECT MODULE PLACED IN tem.OBJ
COMPILER INVOKED BY: D:\软件\keil4\keil4\C51\BIN\C51.EXE tem.c BROWSE DEBUG OBJECTEXTEND

line level    source

   1          #include "tem.h"
   2          sbit led = P2^0;
   3          void Delay1ms(uint y)  //延时函数
   4          {
   5   1              uint x;
   6   1              for(;y>0;y--)
   7   1              {
   8   2                      for(x=110;x>0;x--)
   9   2                              ;
  10   2              }
  11   1      }
  12          
  13          void delay640us(void)   //误差 0us
  14          {
  15   1          unsigned char a,b;
  16   1          for(b=91;b>0;b--)
  17   1              for(a=2;a>0;a--);
  18   1      }
  19          void delay80us(void)   //误差 0us
  20          {
  21   1          unsigned char a,b;
  22   1          for(b=11;b>0;b--)
  23   1              for(a=2;a>0;a--);
  24   1      }
  25          uchar DS18B20Init()
  26          {
  27   1              uint i;
  28   1              DSP = 0;
  29   1              delay640us();
  30   1              DSP = 1;
  31   1              delay80us();
  32   1              while(DSP)
  33   1              {
  34   2                      Delay1ms(1);
  35   2                      i++;
  36   2                      if(i > 5)
  37   2                              return 0;
  38   2              }
  39   1              return 1;
  40   1      } 
  41          void DS18B20WriteByte(uchar dat)
  42          {
  43   1              uchar i,j;
  44   1              for(i=0; i<8; i++)
  45   1              {
  46   2                      DSP = 0;
  47   2                      j++;
  48   2                      DSP =dat&0x01;
  49   2                      j=6;       // 延时68微妙
  50   2                      while(j--);
  51   2                      DSP = 1;
  52   2                      dat>>=1;
  53   2              }       
  54   1      }
  55          
C51 COMPILER V9.01   TEM                                                                   06/13/2019 09:36:15 PAGE 2   

  56          uchar DS18B20ReadByte()
  57          {
  58   1              uchar i,j;
  59   1              uchar ret;
  60   1              uchar tmp;
  61   1              for(i=0; i<8; i++)
  62   1              {
  63   2                      DSP = 0;
  64   2                      j++ ;// 一条机器指令都是4微妙
  65   2                      DSP = 1;
  66   2                      j++;
  67   2                      j++; // 延时大约10微妙
  68   2                      tmp = DSP;
  69   2                      ret = (ret>>1) |(tmp <<7);              
  70   2                      j = 4;
  71   2                      while(j--);
  72   2              }
  73   1              return ret;
  74   1      }
  75          
  76          void DS18B20StarCheck()
  77          {
  78   1              DS18B20Init();
  79   1              Delay1ms(1);
  80   1              DS18B20WriteByte(0xcc); // 选中这个检测器
  81   1              DS18B20WriteByte(0x44); // 讲检测的数据进行温度替换，并且存到内部RAM中
  82   1              //Delay1ms(800);
  83   1      }
  84          
  85          void DS18B20TemStartRead()
  86          {
  87   1              DS18B20Init();
  88   1              Delay1ms(1);
  89   1              DS18B20WriteByte(0xcc);  //选中这个检测器
  90   1              DS18B20WriteByte(0xbe);  //开始读取存RAM的温度
  91   1      
  92   1      }
  93          
  94          int DS18B20ReadTemp()
  95          {
  96   1              int temp = 0;
  97   1              uchar tmh,tml;
  98   1              DS18B20StarCheck();
  99   1              DS18B20TemStartRead();
 100   1              tml = DS18B20ReadByte();  //读取低8位
 101   1              tmh = DS18B20ReadByte();  //读取高8位
 102   1              temp = tmh;
 103   1              temp<<=8;
 104   1              temp|=tml;
 105   1              return temp;
 106   1      }
 107          int DealTemp(int temp)
 108          {
 109   1              float tmp;
 110   1              if(temp < 0)
 111   1              {
 112   2                      temp -= 1;
 113   2                      temp = ~temp;
 114   2              }
 115   1              else
 116   1              {
 117   2                      led = ~led;
C51 COMPILER V9.01   TEM                                                                   06/13/2019 09:36:15 PAGE 3   

 118   2              }
 119   1              tmp = temp;
 120   1              temp = tmp * 0.0625 *100;
 121   1              return temp;
 122   1      }


MODULE INFORMATION:   STATIC OVERLAYABLE
   CODE SIZE        =    269    ----
   CONSTANT SIZE    =   ----    ----
   XDATA SIZE       =   ----    ----
   PDATA SIZE       =   ----    ----
   DATA SIZE        =   ----       6
   IDATA SIZE       =   ----    ----
   BIT SIZE         =   ----    ----
END OF MODULE INFORMATION.


C51 COMPILATION COMPLETE.  0 WARNING(S),  0 ERROR(S)
