C51 COMPILER V9.01   ZE08                                                                  06/13/2019 09:36:15 PAGE 1   


C51 COMPILER V9.01, COMPILATION OF MODULE ZE08
OBJECT MODULE PLACED IN ZE08.OBJ
COMPILER INVOKED BY: D:\软件\keil4\keil4\C51\BIN\C51.EXE ZE08.c BROWSE DEBUG OBJECTEXTEND

line level    source

   1          #include "ZE08.h"
   2          void delay500msZE08(void)   //误差 0us
   3          {
   4   1          unsigned char a,b,c;
   5   1          for(c=23;c>0;c--)
   6   1              for(b=152;b>0;b--)
   7   1                  for(a=70;a>0;a--);
   8   1      
   9   1      }
  10          void us_delayZE08(uchar t)
  11          {
  12   1            while(t--);
  13   1      }
  14          void InitZE08()
  15          {
  16   1              TMOD |=0x20;//定时器1启动  高位控制定时器1 ，低位控制定时器0
  17   1              TH1 = 0xfa;//波特率9600
  18   1              TL1 = 0xfa;
  19   1              PCON = 0x80;//设置波特率的一个倍数                      
  20   1              SCON = 0x50;
  21   1              EA=1;
  22   1              ES=1;
  23   1              TR1 = 1;   //定时器1开始工作
  24   1      }
  25          void SendByteZE08(uchar dat)
  26          {
  27   1              ES = 0;//关闭串口中断
  28   1              TI = 0;
  29   1              SBUF = dat;                                
  30   1              while(!TI);
  31   1              TI = 0;
  32   1              ES = 1;
  33   1              
  34   1      }
  35          void SendarrZE08(uchar str[],uchar num)
  36          {
  37   1              uchar i = 0;
  38   1              for(i=0; i<num; i++)
  39   1              {
  40   2                      SendByteZE08(str[i]);
  41   2                      us_delayZE08(5);
  42   2              }
  43   1      }
  44          void GetData()//发送应答指令
  45          {
  46   1              uchar arr[9] = {0xff,0x01,0x86,0x00,0x00,0x00,0x00,0x00,0x79};
  47   1              InitZE08();
  48   1              SendarrZE08(arr,9);
  49   1              delay500msZE08();
  50   1      }


MODULE INFORMATION:   STATIC OVERLAYABLE
   CODE SIZE        =    132    ----
   CONSTANT SIZE    =      9    ----
C51 COMPILER V9.01   ZE08                                                                  06/13/2019 09:36:15 PAGE 2   

   XDATA SIZE       =   ----    ----
   PDATA SIZE       =   ----    ----
   DATA SIZE        =   ----      12
   IDATA SIZE       =   ----    ----
   BIT SIZE         =   ----    ----
END OF MODULE INFORMATION.


C51 COMPILATION COMPLETE.  0 WARNING(S),  0 ERROR(S)
